<?xml version="1.0" encoding="UTF-8"?>
<!-- Generated by org.testng.reporters.JUnitReportReporter -->
<testsuite hostname="Abdulahad-Matloob" failures="0" tests="2" name="com.automation.FacebookTest" time="6.894" errors="0" timestamp="2025-03-26T13:33:20 AST" skipped="0">
  <testcase classname="com.automation.FacebookTest" name="testFacebookLogin2" time="3.110"/>
  <testcase classname="com.automation.FacebookTest" name="testFacebookLogin1" time="3.784"/>
</testsuite> <!-- com.automation.FacebookTest -->
