<?xml version="1.0" encoding="UTF-8"?>
<!-- Generated by org.testng.reporters.JUnitReportReporter -->
<testsuite hostname="Abdulahad-Matloob" failures="0" tests="1" name="com.automation.Testers" time="0.001" errors="0" timestamp="2025-03-26T13:33:20 AST" skipped="0">
  <testcase classname="com.automation.Testers" name="PerformLogins" time="0.001"/>
</testsuite> <!-- com.automation.Testers -->
